Build started 4/25/2015 9:23:02 PM.
     1>Project "C:\Users\iwh-pc\Documents\College\modern\it276\original\hyde\hyde.vcxproj" on node 2 (build target(s)).
     1>InitializeBuildStatus:
         Creating "Debug\hyde.unsuccessfulbuild" because "AlwaysCreate" was specified.
       ClCompile:
         All outputs are up-to-date.
       Link:
         c:\Program Files (x86)\Microsoft Visual Studio 10.0\VC\bin\link.exe /ERRORREPORT:PROMPT /OUT:"C:\Users\iwh-pc\Documents\College\modern\it276\original\hyde\\hyde.exe" /INCREMENTAL:NO /NOLOGO sdl.lib sdlmain.lib sdl_image.lib sdl_ttf.lib sdl_net.lib sdl_mixer.lib yaml.lib jansson.lib chipmunk.lib kernel32.lib user32.lib gdi32.lib winspool.lib comdlg32.lib advapi32.lib shell32.lib ole32.lib oleaut32.lib uuid.lib odbc32.lib odbccp32.lib /MANIFEST /ManifestFile:"Debug\hyde.exe.intermediate.manifest" /MANIFESTUAC:"level='asInvoker' uiAccess='false'" /DEBUG /PDB:"C:\Users\iwh-pc\Documents\College\modern\it276\original\hyde\hyde.pdb" /SUBSYSTEM:CONSOLE /OPT:NOREF /OPT:NOICF /LTCG /TLBID:1 /DYNAMICBASE /NXCOMPAT /IMPLIB:"C:\Users\iwh-pc\Documents\College\modern\it276\original\hyde\\hyde.lib" /MACHINE:X86 Debug\animation.obj
         Debug\entity.obj
         Debug\game.obj
         Debug\gfunc.obj
         Debug\graphic.obj
         Debug\level.obj
         Debug\weapon.obj
         Generating code
         Finished generating code
         hyde.vcxproj -> C:\Users\iwh-pc\Documents\College\modern\it276\original\hyde\\hyde.exe
       Manifest:
         C:\Program Files (x86)\Microsoft SDKs\Windows\v7.0A\bin\mt.exe /nologo /verbose /outputresource:"C:\Users\iwh-pc\Documents\College\modern\it276\original\hyde\\hyde.exe;#1" /manifest Debug\hyde.exe.intermediate.manifest
       FinalizeBuildStatus:
         Deleting file "Debug\hyde.unsuccessfulbuild".
         Touching "Debug\hyde.lastbuildstate".
     1>Done Building Project "C:\Users\iwh-pc\Documents\College\modern\it276\original\hyde\hyde.vcxproj" (build target(s)).

Build succeeded.

Time Elapsed 00:00:00.26
