c:\users\iwh-pc\documents\college\modern\it276\original\hyde\debug\weapon.obj
c:\users\iwh-pc\documents\college\modern\it276\original\hyde\debug\textinput.obj
c:\users\iwh-pc\documents\college\modern\it276\original\hyde\debug\spawn.obj
c:\users\iwh-pc\documents\college\modern\it276\original\hyde\debug\graphic.obj
c:\users\iwh-pc\documents\college\modern\it276\original\hyde\debug\gfunc.obj
c:\users\iwh-pc\documents\college\modern\it276\original\hyde\debug\game.obj
c:\users\iwh-pc\documents\college\modern\it276\original\hyde\debug\entity.obj
c:\users\iwh-pc\documents\college\modern\it276\original\hyde\debug\vc100.pdb
c:\users\iwh-pc\documents\college\spring2015\it276\original\hyde\debug\weapon.obj
c:\users\iwh-pc\documents\college\spring2015\it276\original\hyde\debug\textinput.obj
c:\users\iwh-pc\documents\college\spring2015\it276\original\hyde\debug\spawn.obj
c:\users\iwh-pc\documents\college\spring2015\it276\original\hyde\debug\graphic.obj
c:\users\iwh-pc\documents\college\spring2015\it276\original\hyde\debug\gfunc.obj
c:\users\iwh-pc\documents\college\spring2015\it276\original\hyde\debug\game.obj
c:\users\iwh-pc\documents\college\spring2015\it276\original\hyde\debug\entity.obj
c:\users\iwh-pc\documents\college\spring2015\it276\original\hyde\debug\vc100.pdb
c:\users\iwh-pc\documents\college\modern\it276\original\hyde\hyde.exe
c:\users\iwh-pc\documents\college\modern\it276\original\hyde\debug\hyde.exe.intermediate.manifest
c:\users\iwh-pc\documents\college\modern\it276\original\hyde\hyde.pdb
c:\users\iwh-pc\documents\college\spring2015\it276\original\hyde\hyde.exe
c:\users\iwh-pc\documents\college\spring2015\it276\original\hyde\debug\hyde.exe.intermediate.manifest
c:\users\iwh-pc\documents\college\spring2015\it276\original\hyde\hyde.pdb
c:\users\iwh-pc\documents\archive\game projects\project2017\debug\vc140.pdb
c:\users\iwh-pc\documents\archive\game projects\project2017\debug\entity.obj
c:\users\iwh-pc\documents\archive\game projects\project2017\debug\gfunc.obj
c:\users\iwh-pc\documents\archive\game projects\project2017\debug\weapon.obj
c:\users\iwh-pc\documents\archive\game projects\project2017\debug\textinput.obj
c:\users\iwh-pc\documents\archive\game projects\project2017\debug\spawn.obj
c:\users\iwh-pc\documents\archive\game projects\project2017\debug\graphic.obj
c:\users\iwh-pc\documents\archive\game projects\project2017\debug\game.obj
c:\users\iwh-pc\documents\archive\game projects\project2017\debug\hyde.vcxprojresolveassemblyreference.cache
c:\users\iwh-pc\documents\archive\game projects\project2017\debug\cl.command.1.tlog
c:\users\iwh-pc\documents\archive\game projects\project2017\debug\cl.read.1.tlog
c:\users\iwh-pc\documents\archive\game projects\project2017\debug\cl.write.1.tlog
c:\users\iwh-pc\documents\archive\game projects\project2017\debug\hyde.write.1.tlog
c:\users\iwh-pc\documents\archive\game projects\project2017\debug\link.command.1.tlog
c:\users\iwh-pc\documents\archive\game projects\project2017\debug\link.read.1.tlog
c:\users\iwh-pc\documents\archive\game projects\project2017\debug\link.write.1.tlog
c:\users\iwh-pc\documents\archive\game projects\project2017\debug\mt.command.1.tlog
c:\users\iwh-pc\documents\archive\game projects\project2017\debug\mt.read.1.tlog
c:\users\iwh-pc\documents\archive\game projects\project2017\debug\mt.write.1.tlog
c:\users\iwh-pc\documents\archive\game projects\project2017\debug\hyde.exe.intermediate.manifest
c:\users\iwh-pc\documents\archive\game projects\project2017\debug\vc100.pdb
c:\users\iwh-pc\documents\archive\game projects\project2017\\hyde.pdb
c:\users\iwh-pc\documents\archive\game projects\project2017\debug\hyde.tlog\cl.command.1.tlog
c:\users\iwh-pc\documents\archive\game projects\project2017\debug\hyde.tlog\cl.read.1.tlog
c:\users\iwh-pc\documents\archive\game projects\project2017\debug\hyde.tlog\cl.write.1.tlog
c:\users\iwh-pc\documents\archive\game projects\project2017\debug\hyde.tlog\link-cvtres.read.1.tlog
c:\users\iwh-pc\documents\archive\game projects\project2017\debug\hyde.tlog\link-cvtres.write.1.tlog
c:\users\iwh-pc\documents\archive\game projects\project2017\debug\hyde.tlog\link-rc.read.1.tlog
c:\users\iwh-pc\documents\archive\game projects\project2017\debug\hyde.tlog\link-rc.write.1.tlog
c:\users\iwh-pc\documents\archive\game projects\project2017\debug\hyde.tlog\link.command.1.tlog
c:\users\iwh-pc\documents\archive\game projects\project2017\debug\hyde.tlog\link.read.1.tlog
c:\users\iwh-pc\documents\archive\game projects\project2017\debug\hyde.tlog\link.write.1.tlog
