C:\Users\iwh-pc\Documents\College\modern\it276\original\hyde\\hyde.exe
C:\Users\iwh-pc\Documents\College\modern\it276\original\hyde\\hyde.pdb
C:\USERS\IWH-PC\DOCUMENTS\COLLEGE\MODERN\IT276\ORIGINAL\HYDE\HYDE.EXE
C:\USERS\IWH-PC\DOCUMENTS\COLLEGE\MODERN\IT276\ORIGINAL\HYDE\HYDE.PDB
C:\Users\iwh-pc\Documents\College\modern\it276\original\hyde\Release\cl.command.1.tlog
C:\Users\iwh-pc\Documents\College\modern\it276\original\hyde\Release\CL.read.1.tlog
C:\Users\iwh-pc\Documents\College\modern\it276\original\hyde\Release\CL.write.1.tlog
C:\USERS\IWH-PC\DOCUMENTS\COLLEGE\MODERN\IT276\ORIGINAL\HYDE\RELEASE\ENTITY.OBJ
C:\USERS\IWH-PC\DOCUMENTS\COLLEGE\MODERN\IT276\ORIGINAL\HYDE\RELEASE\GAME.OBJ
C:\USERS\IWH-PC\DOCUMENTS\COLLEGE\MODERN\IT276\ORIGINAL\HYDE\RELEASE\GFUNC.OBJ
C:\USERS\IWH-PC\DOCUMENTS\COLLEGE\MODERN\IT276\ORIGINAL\HYDE\RELEASE\GRAPHIC.OBJ
C:\USERS\IWH-PC\DOCUMENTS\COLLEGE\MODERN\IT276\ORIGINAL\HYDE\RELEASE\HYDE.EXE.INTERMEDIATE.MANIFEST
C:\Users\iwh-pc\Documents\College\modern\it276\original\hyde\Release\hyde.vcxprojResolveAssemblyReference.cache
C:\Users\iwh-pc\Documents\College\modern\it276\original\hyde\Release\hyde.write.1.tlog
C:\USERS\IWH-PC\DOCUMENTS\COLLEGE\MODERN\IT276\ORIGINAL\HYDE\RELEASE\LEVEL.OBJ
C:\Users\iwh-pc\Documents\College\modern\it276\original\hyde\Release\link.command.1.tlog
C:\Users\iwh-pc\Documents\College\modern\it276\original\hyde\Release\link.read.1.tlog
C:\Users\iwh-pc\Documents\College\modern\it276\original\hyde\Release\link.write.1.tlog
C:\Users\iwh-pc\Documents\College\modern\it276\original\hyde\Release\mt.command.1.tlog
C:\Users\iwh-pc\Documents\College\modern\it276\original\hyde\Release\mt.read.1.tlog
C:\Users\iwh-pc\Documents\College\modern\it276\original\hyde\Release\mt.write.1.tlog
C:\USERS\IWH-PC\DOCUMENTS\COLLEGE\MODERN\IT276\ORIGINAL\HYDE\RELEASE\SPAWN.OBJ
C:\USERS\IWH-PC\DOCUMENTS\COLLEGE\MODERN\IT276\ORIGINAL\HYDE\RELEASE\TEXTINPUT.OBJ
C:\USERS\IWH-PC\DOCUMENTS\COLLEGE\MODERN\IT276\ORIGINAL\HYDE\RELEASE\VC100.PDB
C:\USERS\IWH-PC\DOCUMENTS\COLLEGE\MODERN\IT276\ORIGINAL\HYDE\RELEASE\WEAPON.OBJ
